%MSG-i configureMessageFacility:  RunControlStateMachine  09-Jul-2018 23:42:11 CDT pre-events configureMessageFacility.cc:300
Message Facility Application RunControlStateMachine configured with: debugModules:["*"] destinations:{file:{append:false directory:"/home/rrivera/ots/NoGitData/Logs/RunControlStateMachine" pattern:"RunControlStateMachine-%?H%t-%p.log" seperator:"-" threshold:"DEBUG" timestamp_pattern:"%Y%m%d%H%M%S" type:"GenFile"} udp:{host:"127.0.0.1" port:30000 threshold:"DEBUG" type:"UDP"}}
%MSG
%MSG-i configureMessageFacility:  CorePropertySupervisorBase  09-Jul-2018 23:42:11 CDT pre-events configureMessageFacility.cc:300
Message Facility Application CorePropertySupervisorBase configured with: debugModules:["*"] destinations:{file:{append:false directory:"/home/rrivera/ots/NoGitData/Logs/CorePropertySupervisorBase" pattern:"CorePropertySupervisorBase-%?H%t-%p.log" seperator:"-" threshold:"DEBUG" timestamp_pattern:"%Y%m%d%H%M%S" type:"GenFile"} udp:{host:"127.0.0.1" port:30000 threshold:"DEBUG" type:"UDP"}}
%MSG
%MSG-i WebUsers:  CorePropertySupervisorBase-rulinux03-0  09-Jul-2018 23:42:11 CDT pre-events
otsdaq/otsdaq-core/WebUsersUtilities/WebUsers.cc [2803]	User 'admin' has locked out the system!
%MSG
%MSG-d Iterator:  CorePropertySupervisorBase-rulinux03-0  09-Jul-2018 23:42:11 CDT pre-events
otsdaq/otsdaq-core/GatewaySupervisor/Iterator.cc [28]	Iterator constructed.
%MSG
%MSG-i configureMessageFacility:  GatewaySupervisor 09-Jul-2018 23:42:11 CDT  pre-events configureMessageFacility.cc:300
Message Facility Application GatewaySupervisor configured with: debugModules:["*"] destinations:{file:{append:false directory:"/home/rrivera/ots/NoGitData/Logs/GatewaySupervisor" pattern:"GatewaySupervisor-%?H%t-%p.log" seperator:"-" threshold:"DEBUG" timestamp_pattern:"%Y%m%d%H%M%S" type:"GenFile"} udp:{host:"127.0.0.1" port:30000 threshold:"DEBUG" type:"UDP"}}
%MSG
%MSG-i configureMessageFacility:  CorePropertySupervisorBase  09-Jul-2018 23:42:11 CDT pre-events configureMessageFacility.cc:300
Message Facility Application CorePropertySupervisorBase configured with: debugModules:["*"] destinations:{file:{append:false directory:"/home/rrivera/ots/NoGitData/Logs/CorePropertySupervisorBase" pattern:"CorePropertySupervisorBase-%?H%t-%p.log" seperator:"-" threshold:"DEBUG" timestamp_pattern:"%Y%m%d%H%M%S" type:"GenFile"} udp:{host:"127.0.0.1" port:30000 threshold:"DEBUG" type:"UDP"}}
%MSG
%MSG-i configureMessageFacility:  RunControlStateMachine  09-Jul-2018 23:42:11 CDT pre-events configureMessageFacility.cc:300
Message Facility Application RunControlStateMachine configured with: debugModules:["*"] destinations:{file:{append:false directory:"/home/rrivera/ots/NoGitData/Logs/RunControlStateMachine" pattern:"RunControlStateMachine-%?H%t-%p.log" seperator:"-" threshold:"DEBUG" timestamp_pattern:"%Y%m%d%H%M%S" type:"GenFile"} udp:{host:"127.0.0.1" port:30000 threshold:"DEBUG" type:"UDP"}}
%MSG
%MSG-i configureMessageFacility:  CoreSupervisorBase 09-Jul-2018 23:42:11 CDT  pre-events configureMessageFacility.cc:300
Message Facility Application CoreSupervisorBase configured with: debugModules:["*"] destinations:{file:{append:false directory:"/home/rrivera/ots/NoGitData/Logs/CoreSupervisorBase" pattern:"CoreSupervisorBase-%?H%t-%p.log" seperator:"-" threshold:"DEBUG" timestamp_pattern:"%Y%m%d%H%M%S" type:"GenFile"} udp:{host:"127.0.0.1" port:30000 threshold:"DEBUG" type:"UDP"}}
%MSG
%MSG-i configureMessageFacility:  CorePropertySupervisorBase  09-Jul-2018 23:42:11 CDT pre-events configureMessageFacility.cc:300
Message Facility Application CorePropertySupervisorBase configured with: debugModules:["*"] destinations:{file:{append:false directory:"/home/rrivera/ots/NoGitData/Logs/CorePropertySupervisorBase" pattern:"CorePropertySupervisorBase-%?H%t-%p.log" seperator:"-" threshold:"DEBUG" timestamp_pattern:"%Y%m%d%H%M%S" type:"GenFile"} udp:{host:"127.0.0.1" port:30000 threshold:"DEBUG" type:"UDP"}}
%MSG
%MSG-i configureMessageFacility:  RunControlStateMachine  09-Jul-2018 23:42:12 CDT pre-events configureMessageFacility.cc:300
Message Facility Application RunControlStateMachine configured with: debugModules:["*"] destinations:{file:{append:false directory:"/home/rrivera/ots/NoGitData/Logs/RunControlStateMachine" pattern:"RunControlStateMachine-%?H%t-%p.log" seperator:"-" threshold:"DEBUG" timestamp_pattern:"%Y%m%d%H%M%S" type:"GenFile"} udp:{host:"127.0.0.1" port:30000 threshold:"DEBUG" type:"UDP"}}
%MSG
%MSG-i configureMessageFacility:  CoreSupervisorBase 09-Jul-2018 23:42:12 CDT  pre-events configureMessageFacility.cc:300
Message Facility Application CoreSupervisorBase configured with: debugModules:["*"] destinations:{file:{append:false directory:"/home/rrivera/ots/NoGitData/Logs/CoreSupervisorBase" pattern:"CoreSupervisorBase-%?H%t-%p.log" seperator:"-" threshold:"DEBUG" timestamp_pattern:"%Y%m%d%H%M%S" type:"GenFile"} udp:{host:"127.0.0.1" port:30000 threshold:"DEBUG" type:"UDP"}}
%MSG
%MSG-i configureMessageFacility:  ChatSupervisor 09-Jul-2018 23:42:12 CDT  pre-events configureMessageFacility.cc:300
[RATE LIMIT] Message Facility Application ChatSupervisor configured with: debugModules:["*"] destinations:{file:{append:false directory:"/home/rrivera/ots/NoGitData/Logs/ChatSupervisor" pattern:"ChatSupervisor-%?H%t-%p.log" seperator:"-" threshold:"DEBUG" timestamp_pattern:"%Y%m%d%H%M%S" type:"GenFile"} udp:{host:"127.0.0.1" port:30000 threshold:"DEBUG" type:"UDP"}}
%MSG
%MSG-d Console:  Early 09-Jul-2018 23:42:12 CDT pre-events
otsdaq_utilities/otsdaq-utilities/Console/ConsoleSupervisor.cc [157]	DEBUG messages look like this.
%MSG
%MSG-i Console:  Early 09-Jul-2018 23:42:12 CDT pre-events
otsdaq_utilities/otsdaq-utilities/Console/ConsoleSupervisor.cc [158]	INFO messages look like this.
%MSG
%MSG-w Console:  Early 09-Jul-2018 23:42:12 CDT pre-events
otsdaq_utilities/otsdaq-utilities/Console/ConsoleSupervisor.cc [159]	WARNING messages look like this.
%MSG
%MSG-e Console:  Early 09-Jul-2018 23:42:12 CDT pre-events
otsdaq_utilities/otsdaq-utilities/Console/ConsoleSupervisor.cc [160]	ERROR messages look like this.
%MSG
%MSG-d GatewaySupervisor:  Early 09-Jul-2018 23:42:13 CDT pre-events
otsdaq/otsdaq-core/GatewaySupervisor/GatewaySupervisor.cc [463]	Making logbook entry: ots started.
%MSG
%MSG-d GatewaySupervisor:  Early 09-Jul-2018 23:42:14 CDT pre-events
otsdaq/otsdaq-core/GatewaySupervisor/GatewaySupervisor.cc [463]	Making logbook entry: admin logged in.
%MSG
%MSG-d Console:  Early 09-Jul-2018 23:44:14 CDT pre-events
Console is alive and waiting... (if no messages, next heartbeat is in approximately two minutes)
%MSG
%MSG-d Console:  Early 09-Jul-2018 23:46:15 CDT pre-events
Console is alive and waiting... (if no messages, next heartbeat is in approximately two minutes)
%MSG
%MSG-i ConfigurationManagerRW:  Early 09-Jul-2018 23:46:20 CDT pre-events
otsdaq/otsdaq-core/ConfigurationInterface/ConfigurationManagerRW.cc [367]	Updating persistent active groups to /home/rrivera/ots/NoGitData/ServiceData/ActiveConfigurationGroups.cfg ...
%MSG
%MSG-i ConfigurationManagerRW:  Early 09-Jul-2018 23:46:20 CDT pre-events
otsdaq/otsdaq-core/ConfigurationInterface/ConfigurationManagerRW.cc [390]	Active Context: testContext(4)
%MSG
%MSG-i ConfigurationManagerRW:  Early 09-Jul-2018 23:46:20 CDT pre-events
otsdaq/otsdaq-core/ConfigurationInterface/ConfigurationManagerRW.cc [392]	Active Backbone: GroupAliasTreeEditWizBackbone(3)
%MSG
%MSG-i ConfigurationManagerRW:  Early 09-Jul-2018 23:46:20 CDT pre-events
otsdaq/otsdaq-core/ConfigurationInterface/ConfigurationManagerRW.cc [394]	Active Iterate: (-1)
%MSG
%MSG-i ConfigurationManagerRW:  Early 09-Jul-2018 23:46:20 CDT pre-events
otsdaq/otsdaq-core/ConfigurationInterface/ConfigurationManagerRW.cc [396]	Active Configuration: defaultConfig(1)
%MSG
%MSG-d GatewaySupervisor:  Early 09-Jul-2018 23:46:24 CDT pre-events
otsdaq/otsdaq-core/GatewaySupervisor/GatewaySupervisor.cc [463]	Making logbook entry: admin logged in.
%MSG
